<?xml version="1.0" encoding="UTF-8"?>
<testng-results ignored="0" total="1" passed="1" failed="0" skipped="0">
  <reporter-output>
  </reporter-output>
  <suite started-at="2024-04-21T01:00:49 IST" name="Default suite" finished-at="2024-04-21T01:01:11 IST" duration-ms="22306">
    <groups>
    </groups>
    <test started-at="2024-04-21T01:00:49 IST" name="Default test" finished-at="2024-04-21T01:01:11 IST" duration-ms="22306">
      <class name="TestScript.FirstScript">
        <test-method is-config="true" signature="launch()[pri:0, instance:TestScript.FirstScript@1ca3b418]" started-at="2024-04-21T01:00:49 IST" name="launch" finished-at="2024-04-21T01:01:09 IST" duration-ms="19898" status="PASS">
          <reporter-output>
          </reporter-output>
        </test-method> <!-- launch -->
        <test-method is-config="true" signature="login()[pri:0, instance:TestScript.FirstScript@1ca3b418]" started-at="2024-04-21T01:01:09 IST" name="login" finished-at="2024-04-21T01:01:10 IST" duration-ms="1457" status="PASS">
          <reporter-output>
          </reporter-output>
        </test-method> <!-- login -->
        <test-method signature="test()[pri:0, instance:TestScript.FirstScript@1ca3b418]" started-at="2024-04-21T01:01:10 IST" name="test" finished-at="2024-04-21T01:01:10 IST" duration-ms="18" status="PASS">
          <reporter-output>
          </reporter-output>
        </test-method> <!-- test -->
        <test-method is-config="true" signature="logout()[pri:0, instance:TestScript.FirstScript@1ca3b418]" started-at="2024-04-21T01:01:10 IST" name="logout" finished-at="2024-04-21T01:01:10 IST" duration-ms="1" status="PASS">
          <reporter-output>
          </reporter-output>
        </test-method> <!-- logout -->
        <test-method is-config="true" signature="closeBrowser()[pri:0, instance:TestScript.FirstScript@1ca3b418]" started-at="2024-04-21T01:01:10 IST" name="closeBrowser" finished-at="2024-04-21T01:01:11 IST" duration-ms="787" status="PASS">
          <reporter-output>
          </reporter-output>
        </test-method> <!-- closeBrowser -->
      </class> <!-- TestScript.FirstScript -->
    </test> <!-- Default test -->
  </suite> <!-- Default suite -->
</testng-results>
