<?xml version="1.0" encoding="UTF-8"?>
<testng-results ignored="0" total="1" passed="1" failed="0" skipped="0">
  <reporter-output>
  </reporter-output>
  <suite started-at="2024-04-21T00:21:36 IST" name="Default suite" finished-at="2024-04-21T00:21:47 IST" duration-ms="11726">
    <groups>
    </groups>
    <test started-at="2024-04-21T00:21:36 IST" name="Default test" finished-at="2024-04-21T00:21:47 IST" duration-ms="11726">
      <class name="Generic.BaseClass">
        <test-method is-config="true" signature="launch()[pri:0, instance:Generic.BaseClass@76a4ebf2]" started-at="2024-04-21T00:21:36 IST" name="launch" finished-at="2024-04-21T00:21:46 IST" duration-ms="9827" status="PASS">
          <reporter-output>
          </reporter-output>
        </test-method> <!-- launch -->
        <test-method is-config="true" signature="login()[pri:0, instance:Generic.BaseClass@76a4ebf2]" started-at="2024-04-21T00:21:46 IST" name="login" finished-at="2024-04-21T00:21:47 IST" duration-ms="1143" status="PASS">
          <reporter-output>
          </reporter-output>
        </test-method> <!-- login -->
        <test-method signature="test()[pri:0, instance:Generic.BaseClass@76a4ebf2]" started-at="2024-04-21T00:21:47 IST" name="test" finished-at="2024-04-21T00:21:47 IST" duration-ms="23" status="PASS">
          <reporter-output>
          </reporter-output>
        </test-method> <!-- test -->
        <test-method is-config="true" signature="logout()[pri:0, instance:Generic.BaseClass@76a4ebf2]" started-at="2024-04-21T00:21:47 IST" name="logout" finished-at="2024-04-21T00:21:47 IST" duration-ms="1" status="PASS">
          <reporter-output>
          </reporter-output>
        </test-method> <!-- logout -->
        <test-method is-config="true" signature="closeBrowser()[pri:0, instance:Generic.BaseClass@76a4ebf2]" started-at="2024-04-21T00:21:47 IST" name="closeBrowser" finished-at="2024-04-21T00:21:47 IST" duration-ms="569" status="PASS">
          <reporter-output>
          </reporter-output>
        </test-method> <!-- closeBrowser -->
      </class> <!-- Generic.BaseClass -->
    </test> <!-- Default test -->
  </suite> <!-- Default suite -->
</testng-results>
